12:19:27.629 [main] DEBUG io.netty.buffer.PooledByteBufAllocator - -Dio.netty.allocator.cacheTrimInterval: 8192
12:19:27.640 [main] DEBUG io.netty.buffer.PooledByteBufAllocator - -Dio.netty.allocator.cacheTrimIntervalMillis: 0
12:19:27.640 [main] DEBUG io.netty.buffer.PooledByteBufAllocator - -Dio.netty.allocator.useCacheForAllThreads: false
12:19:27.641 [main] DEBUG io.netty.buffer.PooledByteBufAllocator - -Dio.netty.allocator.maxCachedByteBuffersPerChunk: 1023
12:19:27.665 [main] DEBUG io.netty.buffer.ByteBufUtil - -Dio.netty.allocator.type: pooled
12:19:27.665 [main] DEBUG io.netty.buffer.ByteBufUtil - -Dio.netty.threadLocalDirectBufferSize: 0
12:19:27.666 [main] DEBUG io.netty.buffer.ByteBufUtil - -Dio.netty.maxThreadLocalCharBufferSize: 16384
12:19:28.131 [Forwarding newSession on session null to remote] DEBUG io.netty.channel.DefaultChannelId - -Dio.netty.processId: 4156 (auto-detected)
12:19:28.140 [Forwarding newSession on session null to remote] DEBUG io.netty.util.NetUtil - -Djava.net.preferIPv4Stack: false
12:19:28.140 [Forwarding newSession on session null to remote] DEBUG io.netty.util.NetUtil - -Djava.net.preferIPv6Addresses: false
12:19:28.153 [Forwarding newSession on session null to remote] DEBUG io.netty.util.NetUtilInitializations - Loopback interface: lo (Software Loopback Interface 1, 127.0.0.1)
12:19:28.156 [Forwarding newSession on session null to remote] DEBUG io.netty.util.NetUtil - Failed to get SOMAXCONN from sysctl and file \proc\sys\net\core\somaxconn. Default: 200
12:19:28.191 [Forwarding newSession on session null to remote] DEBUG io.netty.channel.DefaultChannelId - -Dio.netty.machineId: f8:ca:b8:ff:fe:2a:05:71 (auto-detected)
12:19:28.284 [AsyncHttpClient-1-2] DEBUG io.netty.buffer.AbstractByteBuf - -Dio.netty.buffer.checkAccessible: true
12:19:28.284 [AsyncHttpClient-1-2] DEBUG io.netty.buffer.AbstractByteBuf - -Dio.netty.buffer.checkBounds: true
12:19:28.285 [AsyncHttpClient-1-2] DEBUG io.netty.util.ResourceLeakDetectorFactory - Loaded default ResourceLeakDetector: io.netty.util.ResourceLeakDetector@6a435aec
12:19:28.332 [AsyncHttpClient-1-2] DEBUG io.netty.util.Recycler - -Dio.netty.recycler.maxCapacityPerThread: 4096
12:19:28.332 [AsyncHttpClient-1-2] DEBUG io.netty.util.Recycler - -Dio.netty.recycler.ratio: 8
12:19:28.333 [AsyncHttpClient-1-2] DEBUG io.netty.util.Recycler - -Dio.netty.recycler.chunkSize: 32
12:19:28.333 [AsyncHttpClient-1-2] DEBUG io.netty.util.Recycler - -Dio.netty.recycler.blocking: false
12:19:28.333 [AsyncHttpClient-1-2] DEBUG io.netty.util.Recycler - -Dio.netty.recycler.batchFastThreadLocalOnly: true
12:19:30.186 [AsyncHttpClient-1-2] DEBUG io.netty.handler.codec.compression.Brotli - brotli4j not in the classpath; Brotli support will be unavailable.
12:19:30.519 [main] DEBUG io.netty.util.internal.ThreadLocalRandom - -Dio.netty.initialSeedUniquifier: 0x9a13823e23a2d141
12:19:32.314 [main] DEBUG testCases.TC_001_New_Registration - *********applicatio logs**********
12:19:32.320 [main] INFO  testCases.TC_001_New_Registration - *****Starting Execution TC_001_New_Registration*******
12:19:32.432 [main] INFO  testCases.TC_001_New_Registration - clicking my account
12:19:32.854 [main] INFO  testCases.TC_001_New_Registration - clicking register
12:19:33.660 [main] INFO  testCases.TC_001_New_Registration - entering firstname
12:19:33.939 [main] INFO  testCases.TC_001_New_Registration - entering lastname
12:19:34.096 [main] INFO  testCases.TC_001_New_Registration - entering email
12:19:34.302 [main] INFO  testCases.TC_001_New_Registration - entering password
12:19:34.453 [main] INFO  testCases.TC_001_New_Registration - clicking checkbox privacy
12:19:34.521 [main] INFO  testCases.TC_001_New_Registration - clicking continue to create registration
12:27:36.760 [TestNG-tests-1] INFO  testCases.TC_001_New_Registration - *****Starting Execution TC_001_New_Registration*******
12:27:36.958 [TestNG-tests-1] INFO  testCases.TC_001_New_Registration - clicking my account
12:27:38.148 [TestNG-tests-1] INFO  testCases.TC_001_New_Registration - clicking register
12:27:39.686 [TestNG-tests-1] INFO  testCases.TC_001_New_Registration - entering firstname
12:27:41.285 [TestNG-tests-1] INFO  testCases.TC_001_New_Registration - entering lastname
12:27:41.589 [TestNG-tests-1] INFO  testCases.TC_001_New_Registration - entering email
12:27:42.426 [TestNG-tests-1] INFO  testCases.TC_001_New_Registration - entering password
12:27:42.596 [TestNG-tests-1] INFO  testCases.TC_001_New_Registration - clicking checkbox privacy
12:27:42.689 [TestNG-tests-1] INFO  testCases.TC_001_New_Registration - clicking continue to create registration
12:27:45.430 [TestNG-tests-2] INFO  testCases.TC_001_New_Registration - *****Starting Execution TC_001_New_Registration*******
12:27:45.436 [TestNG-tests-2] INFO  testCases.TC_001_New_Registration - clicking my account
12:52:55.139 [main] INFO  testCases.TC_001_New_Registration - *****Starting Execution TC_001_New_Registration*******
12:52:55.434 [main] INFO  testCases.TC_001_New_Registration - clicking my account
12:52:56.251 [main] INFO  testCases.TC_001_New_Registration - clicking register
12:52:57.463 [main] INFO  testCases.TC_001_New_Registration - entering firstname
12:52:57.764 [main] INFO  testCases.TC_001_New_Registration - entering lastname
12:52:57.885 [main] INFO  testCases.TC_001_New_Registration - entering email
12:52:58.017 [main] INFO  testCases.TC_001_New_Registration - entering password
12:52:58.153 [main] INFO  testCases.TC_001_New_Registration - clicking checkbox privacy
12:52:58.238 [main] INFO  testCases.TC_001_New_Registration - clicking continue to create registration
14:42:44.840 [main] INFO  testCases.TC_001_New_Registration - *****Starting Execution TC_001_New_Registration*******
14:42:45.019 [main] INFO  testCases.TC_001_New_Registration - clicking my account
14:42:45.464 [main] INFO  testCases.TC_001_New_Registration - clicking register
14:42:46.370 [main] INFO  testCases.TC_001_New_Registration - entering firstname
14:42:46.637 [main] INFO  testCases.TC_001_New_Registration - entering lastname
14:42:46.784 [main] INFO  testCases.TC_001_New_Registration - entering email
14:42:46.940 [main] INFO  testCases.TC_001_New_Registration - entering password
14:42:47.071 [main] INFO  testCases.TC_001_New_Registration - clicking checkbox privacy
14:42:47.148 [main] INFO  testCases.TC_001_New_Registration - clicking continue to create registration
14:49:31.622 [main] INFO  testCases.TC_001_New_Registration - *****Starting Execution TC_001_New_Registration*******
14:49:31.787 [main] INFO  testCases.TC_001_New_Registration - clicking my account
14:49:32.169 [main] INFO  testCases.TC_001_New_Registration - clicking register
14:49:32.854 [main] INFO  testCases.TC_001_New_Registration - entering firstname
14:49:33.104 [main] INFO  testCases.TC_001_New_Registration - entering lastname
14:49:33.253 [main] INFO  testCases.TC_001_New_Registration - entering email
14:49:33.420 [main] INFO  testCases.TC_001_New_Registration - entering password
14:49:33.576 [main] INFO  testCases.TC_001_New_Registration - clicking checkbox privacy
14:49:33.688 [main] INFO  testCases.TC_001_New_Registration - clicking continue to create registration
14:55:36.522 [main] INFO  testCases.TC_001_New_Registration - *****Starting Execution TC_001_New_Registration*******
14:55:36.703 [main] INFO  testCases.TC_001_New_Registration - clicking my account
14:55:37.053 [main] INFO  testCases.TC_001_New_Registration - clicking register
14:55:38.071 [main] INFO  testCases.TC_001_New_Registration - entering firstname
14:55:38.323 [main] INFO  testCases.TC_001_New_Registration - entering lastname
14:55:38.471 [main] INFO  testCases.TC_001_New_Registration - entering email
14:55:38.611 [main] INFO  testCases.TC_001_New_Registration - entering password
14:55:38.736 [main] INFO  testCases.TC_001_New_Registration - clicking checkbox privacy
14:55:38.804 [main] INFO  testCases.TC_001_New_Registration - clicking continue to create registration
